<?xml version="1.0" encoding="UTF-8"?>
<testng-results ignored="0" total="1" passed="1" failed="0" skipped="0">
  <reporter-output>
  </reporter-output>
  <suite started-at="2024-05-12T20:50:35 PKT" name="Default suite" finished-at="2024-05-12T20:51:45 PKT" duration-ms="69280">
    <groups>
    </groups>
    <test started-at="2024-05-12T20:50:35 PKT" name="Default test" finished-at="2024-05-12T20:51:45 PKT" duration-ms="69280">
      <class name="testcases.BaseClass">
        <test-method is-config="true" signature="setup()[pri:0, instance:testcases.BaseClass@4f83df68]" started-at="2024-05-12T20:50:36 PKT" name="setup" finished-at="2024-05-12T20:51:13 PKT" duration-ms="37635" status="PASS">
          <reporter-output>
          </reporter-output>
        </test-method> <!-- setup -->
        <test-method signature="sampleTest()[pri:0, instance:testcases.BaseClass@4f83df68]" started-at="2024-05-12T20:51:13 PKT" name="sampleTest" finished-at="2024-05-12T20:51:40 PKT" duration-ms="26337" status="PASS">
          <reporter-output>
          </reporter-output>
        </test-method> <!-- sampleTest -->
        <test-method is-config="true" signature="teardown()[pri:0, instance:testcases.BaseClass@4f83df68]" started-at="2024-05-12T20:51:40 PKT" name="teardown" finished-at="2024-05-12T20:51:45 PKT" duration-ms="5189" status="PASS">
          <reporter-output>
          </reporter-output>
        </test-method> <!-- teardown -->
      </class> <!-- testcases.BaseClass -->
    </test> <!-- Default test -->
  </suite> <!-- Default suite -->
</testng-results>
